This file contains any messages produced by compilers while
running configure, to aid debugging if configure makes a mistake.

It was created by FTGL configure 2.1.3~rc5, which was
generated by GNU Autoconf 2.68.  Invocation command line was

  $ ./configure --enable-shared=no --enable-static=yes

## --------- ##
## Platform. ##
## --------- ##

hostname = ubuntu
uname -m = x86_64
uname -r = 4.2.0-27-generic
uname -s = Linux
uname -v = #32~14.04.1-Ubuntu SMP Fri Jan 22 15:32:26 UTC 2016

/usr/bin/uname -p = unknown
/bin/uname -X     = unknown

/bin/arch              = unknown
/usr/bin/arch -k       = unknown
/usr/convex/getsysinfo = unknown
/usr/bin/hostinfo      = unknown
/bin/machine           = unknown
/usr/bin/oslevel       = unknown
/bin/universe          = unknown

PATH: /usr/local/sbin
PATH: /usr/local/bin
PATH: /usr/sbin
PATH: /usr/bin
PATH: /sbin
PATH: /bin
PATH: /usr/games
PATH: /usr/local/games


## ----------- ##
## Core tests. ##
## ----------- ##

configure:2293: checking for a BSD-compatible install
configure:2361: result: /usr/bin/install -c
configure:2372: checking whether build environment is sane
configure:2422: result: yes
configure:2563: checking for a thread-safe mkdir -p
configure:2602: result: /bin/mkdir -p
configure:2615: checking for gawk
configure:2645: result: no
configure:2615: checking for mawk
configure:2631: found /usr/bin/mawk
configure:2642: result: mawk
configure:2653: checking whether make sets $(MAKE)
configure:2675: result: yes
configure:2753: checking build system type
configure:2767: result: x86_64-unknown-linux-gnu
configure:2787: checking host system type
configure:2800: result: x86_64-unknown-linux-gnu
configure:2832: checking for style of include used by make
configure:2860: result: GNU
configure:2961: checking for g++
configure:2991: result: no
configure:2961: checking for c++
configure:2991: result: no
configure:2961: checking for gpp
configure:2991: result: no
configure:2961: checking for aCC
configure:2991: result: no
configure:2961: checking for CC
configure:2991: result: no
configure:2961: checking for cxx
configure:2991: result: no
configure:2961: checking for cc++
configure:2991: result: no
configure:2961: checking for cl.exe
configure:2991: result: no
configure:2961: checking for FCC
configure:2991: result: no
configure:2961: checking for KCC
configure:2991: result: no
configure:2961: checking for RCC
configure:2991: result: no
configure:2961: checking for xlC_r
configure:2991: result: no
configure:2961: checking for xlC
configure:2991: result: no
configure:3015: checking for C++ compiler version
configure:3024: g++ --version >&5
./configure: line 3026: g++: command not found
configure:3035: $? = 127
configure:3024: g++ -v >&5
./configure: line 3026: g++: command not found
configure:3035: $? = 127
configure:3024: g++ -V >&5
./configure: line 3026: g++: command not found
configure:3035: $? = 127
configure:3024: g++ -qversion >&5
./configure: line 3026: g++: command not found
configure:3035: $? = 127
configure:3055: checking whether the C++ compiler works
configure:3077: g++ -I/home/carlgt1/projects/qcn/freetype-2.6/../freetype-2.4.6/include -I/home/carlgt1/projects/qcn/freetype-2.6/../freetype-2.4.6/include  conftest.cpp  >&5
./configure: line 3079: g++: command not found
configure:3081: $? = 127
configure:3119: result: no
configure: failed program was:
| /* confdefs.h */
| #define PACKAGE_NAME "FTGL"
| #define PACKAGE_TARNAME "ftgl"
| #define PACKAGE_VERSION "2.1.3~rc5"
| #define PACKAGE_STRING "FTGL 2.1.3~rc5"
| #define PACKAGE_BUGREPORT "sam@zoy.org"
| #define PACKAGE_URL ""
| /* end confdefs.h.  */
| 
| int
| main ()
| {
| 
|   ;
|   return 0;
| }
configure:3124: error: in `/home/carlgt1/projects/qcn/ftgl-2.1.3':
configure:3126: error: C++ compiler cannot create executables
See `config.log' for more details

## ---------------- ##
## Cache variables. ##
## ---------------- ##

ac_cv_build=x86_64-unknown-linux-gnu
ac_cv_env_CCC_set=
ac_cv_env_CCC_value=
ac_cv_env_CC_set=
ac_cv_env_CC_value=
ac_cv_env_CFLAGS_set=set
ac_cv_env_CFLAGS_value=-I/home/carlgt1/projects/qcn/freetype-2.6/../freetype-2.4.6/include
ac_cv_env_CPPFLAGS_set=set
ac_cv_env_CPPFLAGS_value=-I/home/carlgt1/projects/qcn/freetype-2.6/../freetype-2.4.6/include
ac_cv_env_CPP_set=
ac_cv_env_CPP_value=
ac_cv_env_CXXCPP_set=
ac_cv_env_CXXCPP_value=
ac_cv_env_CXXFLAGS_set=set
ac_cv_env_CXXFLAGS_value=-I/home/carlgt1/projects/qcn/freetype-2.6/../freetype-2.4.6/include
ac_cv_env_CXX_set=
ac_cv_env_CXX_value=
ac_cv_env_LDFLAGS_set=
ac_cv_env_LDFLAGS_value=
ac_cv_env_LIBS_set=
ac_cv_env_LIBS_value=
ac_cv_env_XMKMF_set=
ac_cv_env_XMKMF_value=
ac_cv_env_build_alias_set=
ac_cv_env_build_alias_value=
ac_cv_env_host_alias_set=
ac_cv_env_host_alias_value=
ac_cv_env_target_alias_set=
ac_cv_env_target_alias_value=
ac_cv_host=x86_64-unknown-linux-gnu
ac_cv_path_install='/usr/bin/install -c'
ac_cv_path_mkdir=/bin/mkdir
ac_cv_prog_AWK=mawk
ac_cv_prog_make_make_set=yes

## ----------------- ##
## Output variables. ##
## ----------------- ##

ACLOCAL='${SHELL} /home/carlgt1/projects/qcn/ftgl-2.1.3/.auto/missing --run aclocal-1.11'
AMDEPBACKSLASH='\'
AMDEP_FALSE='#'
AMDEP_TRUE=''
AMTAR='${SHELL} /home/carlgt1/projects/qcn/ftgl-2.1.3/.auto/missing --run tar'
AR=''
AUTOCONF='${SHELL} /home/carlgt1/projects/qcn/ftgl-2.1.3/.auto/missing --run autoconf'
AUTOHEADER='${SHELL} /home/carlgt1/projects/qcn/ftgl-2.1.3/.auto/missing --run autoheader'
AUTOMAKE='${SHELL} /home/carlgt1/projects/qcn/ftgl-2.1.3/.auto/missing --run automake-1.11'
AWK='mawk'
CC=''
CCDEPMODE=''
CFLAGS='-I/home/carlgt1/projects/qcn/freetype-2.6/../freetype-2.4.6/include'
CONVERT=''
CPP=''
CPPFLAGS='-I/home/carlgt1/projects/qcn/freetype-2.6/../freetype-2.4.6/include'
CXX='g++'
CXXCPP=''
CXXDEPMODE=''
CXXFLAGS='-I/home/carlgt1/projects/qcn/freetype-2.6/../freetype-2.4.6/include'
CYGPATH_W='echo'
DEFS=''
DEPDIR='.deps'
DLLTOOL=''
DOXYGEN=''
DSYMUTIL=''
DUMPBIN=''
DVIPS=''
ECHO_C=''
ECHO_N='-n'
ECHO_T=''
EGREP=''
EPSTOPDF=''
EXEEXT=''
FGREP=''
GREP=''
HAVE_DOXYGEN_FALSE=''
HAVE_DOXYGEN_TRUE=''
HAVE_LATEX_FALSE=''
HAVE_LATEX_TRUE=''
INSTALL_DATA='${INSTALL} -m 644'
INSTALL_PROGRAM='${INSTALL}'
INSTALL_SCRIPT='${INSTALL}'
INSTALL_STRIP_PROGRAM='$(install_sh) -c -s'
KPSEWHICH=''
LATEX=''
LD=''
LDFLAGS=''
LIBOBJS=''
LIBS=''
LIBTOOL=''
LIPO=''
LN_S=''
LTLIBOBJS=''
LT_MAJOR=''
LT_MICRO=''
LT_MINOR=''
LT_VERSION=''
MAKEINFO='${SHELL} /home/carlgt1/projects/qcn/ftgl-2.1.3/.auto/missing --run makeinfo'
MANIFEST_TOOL=''
MKDIR_P='/bin/mkdir -p'
NM=''
NMEDIT=''
OBJDUMP=''
OBJEXT=''
OTOOL64=''
OTOOL=''
PACKAGE='ftgl'
PACKAGE_BUGREPORT='sam@zoy.org'
PACKAGE_NAME='FTGL'
PACKAGE_STRING='FTGL 2.1.3~rc5'
PACKAGE_TARNAME='ftgl'
PACKAGE_URL=''
PACKAGE_VERSION='2.1.3~rc5'
PATH_SEPARATOR=':'
RANLIB=''
SED=''
SET_MAKE=''
SHELL='/bin/bash'
STRIP=''
VERSION='2.1.3~rc5'
XMKMF=''
X_CFLAGS=''
X_EXTRA_LIBS=''
X_LIBS=''
X_PRE_LIBS=''
ac_ct_AR=''
ac_ct_CC=''
ac_ct_CXX=''
ac_ct_DUMPBIN=''
am__EXEEXT_FALSE=''
am__EXEEXT_TRUE=''
am__fastdepCC_FALSE=''
am__fastdepCC_TRUE=''
am__fastdepCXX_FALSE=''
am__fastdepCXX_TRUE=''
am__include='include'
am__isrc=''
am__leading_dot='.'
am__quote=''
am__tar='${AMTAR} chof - "$$tardir"'
am__untar='${AMTAR} xf -'
bindir='${exec_prefix}/bin'
build='x86_64-unknown-linux-gnu'
build_alias=''
build_cpu='x86_64'
build_os='linux-gnu'
build_vendor='unknown'
datadir='${datarootdir}'
datarootdir='${prefix}/share'
docdir='${datarootdir}/doc/${PACKAGE_TARNAME}'
dvidir='${docdir}'
exec_prefix='NONE'
host='x86_64-unknown-linux-gnu'
host_alias=''
host_cpu='x86_64'
host_os='linux-gnu'
host_vendor='unknown'
htmldir='${docdir}'
includedir='${prefix}/include'
infodir='${datarootdir}/info'
install_sh='${SHELL} /home/carlgt1/projects/qcn/ftgl-2.1.3/.auto/install-sh'
libdir='${exec_prefix}/lib'
libexecdir='${exec_prefix}/libexec'
localedir='${datarootdir}/locale'
localstatedir='${prefix}/var'
mandir='${datarootdir}/man'
mkdir_p='/bin/mkdir -p'
oldincludedir='/usr/include'
pdfdir='${docdir}'
prefix='NONE'
program_transform_name='s,x,x,'
psdir='${docdir}'
sbindir='${exec_prefix}/sbin'
sharedstatedir='${prefix}/com'
sysconfdir='${prefix}/etc'
target_alias=''

## ----------- ##
## confdefs.h. ##
## ----------- ##

/* confdefs.h */
#define PACKAGE_NAME "FTGL"
#define PACKAGE_TARNAME "ftgl"
#define PACKAGE_VERSION "2.1.3~rc5"
#define PACKAGE_STRING "FTGL 2.1.3~rc5"
#define PACKAGE_BUGREPORT "sam@zoy.org"
#define PACKAGE_URL ""

configure: exit 77
